0 info it worked if it ends with ok
1 verbose cli [ '/usr/local/bin/node',
1 verbose cli   '/usr/local/bin/npm',
1 verbose cli   'version',
1 verbose cli   'patch' ]
2 info using npm@3.10.10
3 info using node@v6.10.2
4 info git [ 'status', '--porcelain' ]
5 info lifecycle electron-db@0.3.1~preversion: electron-db@0.3.1
6 silly lifecycle electron-db@0.3.1~preversion: no script for preversion, continuing
7 verbose version.write data { name: 'electron-db',
7 verbose version.write   version: '0.3.1',
7 verbose version.write   description: 'Electron module that simulates database table operations which really just uses json file to store tables in the Application Folder.',
7 verbose version.write   main: 'index.js',
7 verbose version.write   scripts: { test: 'node test.js' },
7 verbose version.write   author: 'Alexius Academia <alexius.academia@gmail.com> (https://alexiusacademia.com)',
7 verbose version.write   license: 'MIT',
7 verbose version.write   dependencies: { electron: '^1.7.9', jsonfile: '^4.0.0' },
7 verbose version.write   repository:
7 verbose version.write    { type: 'git',
7 verbose version.write      url: 'https://github.com/alexiusacademia/electron-db' } } to package.json
8 info lifecycle electron-db@0.3.1~version: electron-db@0.3.1
9 silly lifecycle electron-db@0.3.1~version: no script for version, continuing
10 info git [ 'add',
10 info git   '/Users/syncster31/Documents/Programming/Electron/electron-db/package.json' ]
11 info git [ 'commit', '-m', '0.3.1' ]
12 info git [ 'tag', 'v0.3.1', '-am', '0.3.1' ]
13 verbose stack Error: Command failed: git tag v0.3.1 -am 0.3.1
13 verbose stack fatal: tag 'v0.3.1' already exists
13 verbose stack
13 verbose stack     at ChildProcess.exithandler (child_process.js:204:12)
13 verbose stack     at emitTwo (events.js:106:13)
13 verbose stack     at ChildProcess.emit (events.js:191:7)
13 verbose stack     at maybeClose (internal/child_process.js:886:16)
13 verbose stack     at Socket.<anonymous> (internal/child_process.js:342:11)
13 verbose stack     at emitOne (events.js:96:13)
13 verbose stack     at Socket.emit (events.js:188:7)
13 verbose stack     at Pipe._handle.close [as _onclose] (net.js:501:12)
14 verbose cwd /Users/syncster31/Documents/Programming/Electron/electron-db
15 error Darwin 15.5.0
16 error argv "/usr/local/bin/node" "/usr/local/bin/npm" "version" "patch"
17 error node v6.10.2
18 error npm  v3.10.10
19 error code 128
20 error Command failed: git tag v0.3.1 -am 0.3.1
20 error fatal: tag 'v0.3.1' already exists
21 error If you need help, you may report this error at:
21 error     <https://github.com/npm/npm/issues>
22 verbose exit [ 1, true ]
